<?xml version="1.0" encoding="UTF-8"?>
<!-- Generated by org.testng.reporters.JUnitReportReporter -->
<testsuite hostname="DESKTOP-UAC0RHQ" failures="0" tests="5" name="testCases.TC_003_LoginDDT" time="40.175" errors="0" timestamp="2025-06-12T20:47:36 IST" skipped="0">
  <testcase classname="testCases.TC_003_LoginDDT" name="verify_loginDDT" time="11.734"/>
  <testcase classname="testCases.TC_003_LoginDDT" name="verify_loginDDT" time="11.617"/>
  <testcase classname="testCases.TC_003_LoginDDT" name="verify_loginDDT" time="3.119"/>
  <testcase classname="testCases.TC_003_LoginDDT" name="verify_loginDDT" time="11.602"/>
  <testcase classname="testCases.TC_003_LoginDDT" name="verify_loginDDT" time="2.103"/>
</testsuite> <!-- testCases.TC_003_LoginDDT -->
