<?xml version="1.0" encoding="UTF-8"?>
<!-- Generated by org.testng.reporters.JUnitReportReporter -->
<testsuite hostname="DESKTOP-UAC0RHQ" failures="0" tests="5" name="testCases.TC_003_LoginDDT" time="41.922" errors="0" timestamp="2025-09-24T02:50:26 IST" skipped="0">
  <testcase classname="testCases.TC_003_LoginDDT" name="verify_loginDDT" time="11.641"/>
  <testcase classname="testCases.TC_003_LoginDDT" name="verify_loginDDT" time="3.076"/>
  <testcase classname="testCases.TC_003_LoginDDT" name="verify_loginDDT" time="2.462"/>
  <testcase classname="testCases.TC_003_LoginDDT" name="verify_loginDDT" time="13.259"/>
  <testcase classname="testCases.TC_003_LoginDDT" name="verify_loginDDT" time="11.484"/>
</testsuite> <!-- testCases.TC_003_LoginDDT -->
