<?xml version="1.0" encoding="UTF-8"?>
<!-- Generated by org.testng.reporters.JUnitReportReporter -->
<testsuite hostname="DESKTOP-UAC0RHQ" failures="0" tests="1" name="testCases.TC_001_AccountRegistrationTest" time="4.514" errors="0" timestamp="2024-11-27T22:39:25 IST" skipped="0">
  <testcase classname="testCases.TC_001_AccountRegistrationTest" name="verify_account_registration" time="4.514"/>
</testsuite> <!-- testCases.TC_001_AccountRegistrationTest -->
