<?xml version="1.0" encoding="UTF-8"?>
<!-- Generated by org.testng.reporters.JUnitReportReporter -->
<testsuite hostname="DESKTOP-UAC0RHQ" failures="0" tests="5" name="testCases.TC_003_LoginDDT" time="40.013" errors="0" timestamp="2024-11-27T22:37:21 IST" skipped="0">
  <testcase classname="testCases.TC_003_LoginDDT" name="verify_loginDDT" time="2.861"/>
  <testcase classname="testCases.TC_003_LoginDDT" name="verify_loginDDT" time="2.167"/>
  <testcase classname="testCases.TC_003_LoginDDT" name="verify_loginDDT" time="11.808"/>
  <testcase classname="testCases.TC_003_LoginDDT" name="verify_loginDDT" time="11.538"/>
  <testcase classname="testCases.TC_003_LoginDDT" name="verify_loginDDT" time="11.639"/>
</testsuite> <!-- testCases.TC_003_LoginDDT -->
