<?xml version="1.0" encoding="UTF-8"?>
<!-- Generated by org.testng.reporters.JUnitReportReporter -->
<testsuite hostname="DESKTOP-UAC0RHQ" failures="0" tests="5" name="testCases.TC_003_LoginDDT" time="39.947" errors="0" timestamp="2025-07-21T17:51:34 IST" skipped="0">
  <testcase classname="testCases.TC_003_LoginDDT" name="verify_loginDDT" time="11.555"/>
  <testcase classname="testCases.TC_003_LoginDDT" name="verify_loginDDT" time="2.515"/>
  <testcase classname="testCases.TC_003_LoginDDT" name="verify_loginDDT" time="11.646"/>
  <testcase classname="testCases.TC_003_LoginDDT" name="verify_loginDDT" time="11.734"/>
  <testcase classname="testCases.TC_003_LoginDDT" name="verify_loginDDT" time="2.497"/>
</testsuite> <!-- testCases.TC_003_LoginDDT -->
